/root/Search-Tool/backend/venv/bin/uvicorn:2
# -*- coding: utf-8 -*-
^

SyntaxError: Invalid or unexpected token
    at wrapSafe (node:internal/modules/cjs/loader:1469:18)
    at Module._compile (node:internal/modules/cjs/loader:1491:20)
    at Object..js (node:internal/modules/cjs/loader:1689:10)
    at Module.load (node:internal/modules/cjs/loader:1318:32)
    at Function._load (node:internal/modules/cjs/loader:1128:12)
    at /root/.nvm/versions/node/v22.11.0/lib/node_modules/pm2/lib/ProcessContainer.js:292:27
    at wrapper (/root/.nvm/versions/node/v22.11.0/lib/node_modules/pm2/node_modules/async/internal/once.js:12:16)
    at next (/root/.nvm/versions/node/v22.11.0/lib/node_modules/pm2/node_modules/async/waterfall.js:96:20)
    at /root/.nvm/versions/node/v22.11.0/lib/node_modules/pm2/node_modules/async/internal/onlyOnce.js:12:16
    at WriteStream.<anonymous> (/root/.nvm/versions/node/v22.11.0/lib/node_modules/pm2/lib/Utility.js:186:13)
/root/Search-Tool/backend/venv/bin/uvicorn:2
# -*- coding: utf-8 -*-
^

SyntaxError: Invalid or unexpected token
    at wrapSafe (node:internal/modules/cjs/loader:1469:18)
    at Module._compile (node:internal/modules/cjs/loader:1491:20)
    at Object..js (node:internal/modules/cjs/loader:1689:10)
    at Module.load (node:internal/modules/cjs/loader:1318:32)
    at Function._load (node:internal/modules/cjs/loader:1128:12)
    at /root/.nvm/versions/node/v22.11.0/lib/node_modules/pm2/lib/ProcessContainer.js:292:27
    at wrapper (/root/.nvm/versions/node/v22.11.0/lib/node_modules/pm2/node_modules/async/internal/once.js:12:16)
    at next (/root/.nvm/versions/node/v22.11.0/lib/node_modules/pm2/node_modules/async/waterfall.js:96:20)
    at /root/.nvm/versions/node/v22.11.0/lib/node_modules/pm2/node_modules/async/internal/onlyOnce.js:12:16
    at WriteStream.<anonymous> (/root/.nvm/versions/node/v22.11.0/lib/node_modules/pm2/lib/Utility.js:186:13)
/root/Search-Tool/backend/venv/bin/uvicorn:2
# -*- coding: utf-8 -*-
^

SyntaxError: Invalid or unexpected token
    at wrapSafe (node:internal/modules/cjs/loader:1469:18)
    at Module._compile (node:internal/modules/cjs/loader:1491:20)
    at Object..js (node:internal/modules/cjs/loader:1689:10)
    at Module.load (node:internal/modules/cjs/loader:1318:32)
    at Function._load (node:internal/modules/cjs/loader:1128:12)
    at /root/.nvm/versions/node/v22.11.0/lib/node_modules/pm2/lib/ProcessContainer.js:292:27
    at wrapper (/root/.nvm/versions/node/v22.11.0/lib/node_modules/pm2/node_modules/async/internal/once.js:12:16)
    at next (/root/.nvm/versions/node/v22.11.0/lib/node_modules/pm2/node_modules/async/waterfall.js:96:20)
    at /root/.nvm/versions/node/v22.11.0/lib/node_modules/pm2/node_modules/async/internal/onlyOnce.js:12:16
    at WriteStream.<anonymous> (/root/.nvm/versions/node/v22.11.0/lib/node_modules/pm2/lib/Utility.js:186:13)
/root/Search-Tool/backend/venv/bin/uvicorn:2
# -*- coding: utf-8 -*-
^

SyntaxError: Invalid or unexpected token
    at wrapSafe (node:internal/modules/cjs/loader:1469:18)
    at Module._compile (node:internal/modules/cjs/loader:1491:20)
    at Object..js (node:internal/modules/cjs/loader:1689:10)
    at Module.load (node:internal/modules/cjs/loader:1318:32)
    at Function._load (node:internal/modules/cjs/loader:1128:12)
    at /root/.nvm/versions/node/v22.11.0/lib/node_modules/pm2/lib/ProcessContainer.js:292:27
    at wrapper (/root/.nvm/versions/node/v22.11.0/lib/node_modules/pm2/node_modules/async/internal/once.js:12:16)
    at next (/root/.nvm/versions/node/v22.11.0/lib/node_modules/pm2/node_modules/async/waterfall.js:96:20)
    at /root/.nvm/versions/node/v22.11.0/lib/node_modules/pm2/node_modules/async/internal/onlyOnce.js:12:16
    at WriteStream.<anonymous> (/root/.nvm/versions/node/v22.11.0/lib/node_modules/pm2/lib/Utility.js:186:13)
/root/Search-Tool/backend/venv/bin/uvicorn:2
# -*- coding: utf-8 -*-
^

SyntaxError: Invalid or unexpected token
    at wrapSafe (node:internal/modules/cjs/loader:1469:18)
    at Module._compile (node:internal/modules/cjs/loader:1491:20)
    at Object..js (node:internal/modules/cjs/loader:1689:10)
    at Module.load (node:internal/modules/cjs/loader:1318:32)
    at Function._load (node:internal/modules/cjs/loader:1128:12)
    at /root/.nvm/versions/node/v22.11.0/lib/node_modules/pm2/lib/ProcessContainer.js:292:27
    at wrapper (/root/.nvm/versions/node/v22.11.0/lib/node_modules/pm2/node_modules/async/internal/once.js:12:16)
    at next (/root/.nvm/versions/node/v22.11.0/lib/node_modules/pm2/node_modules/async/waterfall.js:96:20)
    at /root/.nvm/versions/node/v22.11.0/lib/node_modules/pm2/node_modules/async/internal/onlyOnce.js:12:16
    at WriteStream.<anonymous> (/root/.nvm/versions/node/v22.11.0/lib/node_modules/pm2/lib/Utility.js:186:13)
/root/Search-Tool/backend/venv/bin/uvicorn:2
# -*- coding: utf-8 -*-
^

SyntaxError: Invalid or unexpected token
    at wrapSafe (node:internal/modules/cjs/loader:1469:18)
    at Module._compile (node:internal/modules/cjs/loader:1491:20)
    at Object..js (node:internal/modules/cjs/loader:1689:10)
    at Module.load (node:internal/modules/cjs/loader:1318:32)
    at Function._load (node:internal/modules/cjs/loader:1128:12)
    at /root/.nvm/versions/node/v22.11.0/lib/node_modules/pm2/lib/ProcessContainer.js:292:27
    at wrapper (/root/.nvm/versions/node/v22.11.0/lib/node_modules/pm2/node_modules/async/internal/once.js:12:16)
    at next (/root/.nvm/versions/node/v22.11.0/lib/node_modules/pm2/node_modules/async/waterfall.js:96:20)
    at /root/.nvm/versions/node/v22.11.0/lib/node_modules/pm2/node_modules/async/internal/onlyOnce.js:12:16
    at WriteStream.<anonymous> (/root/.nvm/versions/node/v22.11.0/lib/node_modules/pm2/lib/Utility.js:186:13)
/root/Search-Tool/backend/venv/bin/uvicorn:2
# -*- coding: utf-8 -*-
^

SyntaxError: Invalid or unexpected token
    at wrapSafe (node:internal/modules/cjs/loader:1469:18)
    at Module._compile (node:internal/modules/cjs/loader:1491:20)
    at Object..js (node:internal/modules/cjs/loader:1689:10)
    at Module.load (node:internal/modules/cjs/loader:1318:32)
    at Function._load (node:internal/modules/cjs/loader:1128:12)
    at /root/.nvm/versions/node/v22.11.0/lib/node_modules/pm2/lib/ProcessContainer.js:292:27
    at wrapper (/root/.nvm/versions/node/v22.11.0/lib/node_modules/pm2/node_modules/async/internal/once.js:12:16)
    at next (/root/.nvm/versions/node/v22.11.0/lib/node_modules/pm2/node_modules/async/waterfall.js:96:20)
    at /root/.nvm/versions/node/v22.11.0/lib/node_modules/pm2/node_modules/async/internal/onlyOnce.js:12:16
    at WriteStream.<anonymous> (/root/.nvm/versions/node/v22.11.0/lib/node_modules/pm2/lib/Utility.js:186:13)
/root/Search-Tool/backend/venv/bin/uvicorn:2
# -*- coding: utf-8 -*-
^

SyntaxError: Invalid or unexpected token
    at wrapSafe (node:internal/modules/cjs/loader:1469:18)
    at Module._compile (node:internal/modules/cjs/loader:1491:20)
    at Object..js (node:internal/modules/cjs/loader:1689:10)
    at Module.load (node:internal/modules/cjs/loader:1318:32)
    at Function._load (node:internal/modules/cjs/loader:1128:12)
    at /root/.nvm/versions/node/v22.11.0/lib/node_modules/pm2/lib/ProcessContainer.js:292:27
    at wrapper (/root/.nvm/versions/node/v22.11.0/lib/node_modules/pm2/node_modules/async/internal/once.js:12:16)
    at next (/root/.nvm/versions/node/v22.11.0/lib/node_modules/pm2/node_modules/async/waterfall.js:96:20)
    at /root/.nvm/versions/node/v22.11.0/lib/node_modules/pm2/node_modules/async/internal/onlyOnce.js:12:16
    at WriteStream.<anonymous> (/root/.nvm/versions/node/v22.11.0/lib/node_modules/pm2/lib/Utility.js:186:13)
/root/Search-Tool/backend/venv/bin/uvicorn:2
# -*- coding: utf-8 -*-
^

SyntaxError: Invalid or unexpected token
    at wrapSafe (node:internal/modules/cjs/loader:1469:18)
    at Module._compile (node:internal/modules/cjs/loader:1491:20)
    at Object..js (node:internal/modules/cjs/loader:1689:10)
    at Module.load (node:internal/modules/cjs/loader:1318:32)
    at Function._load (node:internal/modules/cjs/loader:1128:12)
    at /root/.nvm/versions/node/v22.11.0/lib/node_modules/pm2/lib/ProcessContainer.js:292:27
    at wrapper (/root/.nvm/versions/node/v22.11.0/lib/node_modules/pm2/node_modules/async/internal/once.js:12:16)
    at next (/root/.nvm/versions/node/v22.11.0/lib/node_modules/pm2/node_modules/async/waterfall.js:96:20)
    at /root/.nvm/versions/node/v22.11.0/lib/node_modules/pm2/node_modules/async/internal/onlyOnce.js:12:16
    at WriteStream.<anonymous> (/root/.nvm/versions/node/v22.11.0/lib/node_modules/pm2/lib/Utility.js:186:13)
/root/Search-Tool/backend/venv/bin/uvicorn:2
# -*- coding: utf-8 -*-
^

SyntaxError: Invalid or unexpected token
    at wrapSafe (node:internal/modules/cjs/loader:1469:18)
    at Module._compile (node:internal/modules/cjs/loader:1491:20)
    at Object..js (node:internal/modules/cjs/loader:1689:10)
    at Module.load (node:internal/modules/cjs/loader:1318:32)
    at Function._load (node:internal/modules/cjs/loader:1128:12)
    at /root/.nvm/versions/node/v22.11.0/lib/node_modules/pm2/lib/ProcessContainer.js:292:27
    at wrapper (/root/.nvm/versions/node/v22.11.0/lib/node_modules/pm2/node_modules/async/internal/once.js:12:16)
    at next (/root/.nvm/versions/node/v22.11.0/lib/node_modules/pm2/node_modules/async/waterfall.js:96:20)
    at /root/.nvm/versions/node/v22.11.0/lib/node_modules/pm2/node_modules/async/internal/onlyOnce.js:12:16
    at WriteStream.<anonymous> (/root/.nvm/versions/node/v22.11.0/lib/node_modules/pm2/lib/Utility.js:186:13)
/root/Search-Tool/backend/venv/bin/uvicorn:2
# -*- coding: utf-8 -*-
^

SyntaxError: Invalid or unexpected token
    at wrapSafe (node:internal/modules/cjs/loader:1469:18)
    at Module._compile (node:internal/modules/cjs/loader:1491:20)
    at Object..js (node:internal/modules/cjs/loader:1689:10)
    at Module.load (node:internal/modules/cjs/loader:1318:32)
    at Function._load (node:internal/modules/cjs/loader:1128:12)
    at /root/.nvm/versions/node/v22.11.0/lib/node_modules/pm2/lib/ProcessContainer.js:292:27
    at wrapper (/root/.nvm/versions/node/v22.11.0/lib/node_modules/pm2/node_modules/async/internal/once.js:12:16)
    at next (/root/.nvm/versions/node/v22.11.0/lib/node_modules/pm2/node_modules/async/waterfall.js:96:20)
    at /root/.nvm/versions/node/v22.11.0/lib/node_modules/pm2/node_modules/async/internal/onlyOnce.js:12:16
    at WriteStream.<anonymous> (/root/.nvm/versions/node/v22.11.0/lib/node_modules/pm2/lib/Utility.js:186:13)
/root/Search-Tool/backend/venv/bin/uvicorn:2
# -*- coding: utf-8 -*-
^

SyntaxError: Invalid or unexpected token
    at wrapSafe (node:internal/modules/cjs/loader:1469:18)
    at Module._compile (node:internal/modules/cjs/loader:1491:20)
    at Object..js (node:internal/modules/cjs/loader:1689:10)
    at Module.load (node:internal/modules/cjs/loader:1318:32)
    at Function._load (node:internal/modules/cjs/loader:1128:12)
    at /root/.nvm/versions/node/v22.11.0/lib/node_modules/pm2/lib/ProcessContainer.js:292:27
    at wrapper (/root/.nvm/versions/node/v22.11.0/lib/node_modules/pm2/node_modules/async/internal/once.js:12:16)
    at next (/root/.nvm/versions/node/v22.11.0/lib/node_modules/pm2/node_modules/async/waterfall.js:96:20)
    at /root/.nvm/versions/node/v22.11.0/lib/node_modules/pm2/node_modules/async/internal/onlyOnce.js:12:16
    at WriteStream.<anonymous> (/root/.nvm/versions/node/v22.11.0/lib/node_modules/pm2/lib/Utility.js:186:13)
/root/Search-Tool/backend/venv/bin/uvicorn:2
# -*- coding: utf-8 -*-
^

SyntaxError: Invalid or unexpected token
    at wrapSafe (node:internal/modules/cjs/loader:1469:18)
    at Module._compile (node:internal/modules/cjs/loader:1491:20)
    at Object..js (node:internal/modules/cjs/loader:1689:10)
    at Module.load (node:internal/modules/cjs/loader:1318:32)
    at Function._load (node:internal/modules/cjs/loader:1128:12)
    at /root/.nvm/versions/node/v22.11.0/lib/node_modules/pm2/lib/ProcessContainer.js:292:27
    at wrapper (/root/.nvm/versions/node/v22.11.0/lib/node_modules/pm2/node_modules/async/internal/once.js:12:16)
    at next (/root/.nvm/versions/node/v22.11.0/lib/node_modules/pm2/node_modules/async/waterfall.js:96:20)
    at /root/.nvm/versions/node/v22.11.0/lib/node_modules/pm2/node_modules/async/internal/onlyOnce.js:12:16
    at WriteStream.<anonymous> (/root/.nvm/versions/node/v22.11.0/lib/node_modules/pm2/lib/Utility.js:186:13)
/root/Search-Tool/backend/venv/bin/uvicorn:2
# -*- coding: utf-8 -*-
^

SyntaxError: Invalid or unexpected token
    at wrapSafe (node:internal/modules/cjs/loader:1469:18)
    at Module._compile (node:internal/modules/cjs/loader:1491:20)
    at Object..js (node:internal/modules/cjs/loader:1689:10)
    at Module.load (node:internal/modules/cjs/loader:1318:32)
    at Function._load (node:internal/modules/cjs/loader:1128:12)
    at /root/.nvm/versions/node/v22.11.0/lib/node_modules/pm2/lib/ProcessContainer.js:292:27
    at wrapper (/root/.nvm/versions/node/v22.11.0/lib/node_modules/pm2/node_modules/async/internal/once.js:12:16)
    at next (/root/.nvm/versions/node/v22.11.0/lib/node_modules/pm2/node_modules/async/waterfall.js:96:20)
    at /root/.nvm/versions/node/v22.11.0/lib/node_modules/pm2/node_modules/async/internal/onlyOnce.js:12:16
    at WriteStream.<anonymous> (/root/.nvm/versions/node/v22.11.0/lib/node_modules/pm2/lib/Utility.js:186:13)
/root/Search-Tool/backend/venv/bin/uvicorn:2
# -*- coding: utf-8 -*-
^

SyntaxError: Invalid or unexpected token
    at wrapSafe (node:internal/modules/cjs/loader:1469:18)
    at Module._compile (node:internal/modules/cjs/loader:1491:20)
    at Object..js (node:internal/modules/cjs/loader:1689:10)
    at Module.load (node:internal/modules/cjs/loader:1318:32)
    at Function._load (node:internal/modules/cjs/loader:1128:12)
    at /root/.nvm/versions/node/v22.11.0/lib/node_modules/pm2/lib/ProcessContainer.js:292:27
    at wrapper (/root/.nvm/versions/node/v22.11.0/lib/node_modules/pm2/node_modules/async/internal/once.js:12:16)
    at next (/root/.nvm/versions/node/v22.11.0/lib/node_modules/pm2/node_modules/async/waterfall.js:96:20)
    at /root/.nvm/versions/node/v22.11.0/lib/node_modules/pm2/node_modules/async/internal/onlyOnce.js:12:16
    at WriteStream.<anonymous> (/root/.nvm/versions/node/v22.11.0/lib/node_modules/pm2/lib/Utility.js:186:13)
/root/Search-Tool/backend/venv/bin/uvicorn:2
# -*- coding: utf-8 -*-
^

SyntaxError: Invalid or unexpected token
    at wrapSafe (node:internal/modules/cjs/loader:1469:18)
    at Module._compile (node:internal/modules/cjs/loader:1491:20)
    at Object..js (node:internal/modules/cjs/loader:1689:10)
    at Module.load (node:internal/modules/cjs/loader:1318:32)
    at Function._load (node:internal/modules/cjs/loader:1128:12)
    at /root/.nvm/versions/node/v22.11.0/lib/node_modules/pm2/lib/ProcessContainer.js:292:27
    at wrapper (/root/.nvm/versions/node/v22.11.0/lib/node_modules/pm2/node_modules/async/internal/once.js:12:16)
    at next (/root/.nvm/versions/node/v22.11.0/lib/node_modules/pm2/node_modules/async/waterfall.js:96:20)
    at /root/.nvm/versions/node/v22.11.0/lib/node_modules/pm2/node_modules/async/internal/onlyOnce.js:12:16
    at WriteStream.<anonymous> (/root/.nvm/versions/node/v22.11.0/lib/node_modules/pm2/lib/Utility.js:186:13)
